#
# There is insufficient memory for the Java Runtime Environment to continue.
# Native memory allocation (malloc) failed to allocate 5042368 bytes for Chunk::new
# Possible reasons:
#   The system is out of physical RAM or swap space
#   In 32 bit mode, the process size limit was hit
# Possible solutions:
#   Reduce memory load on the system
#   Increase physical memory or swap space
#   Check if swap backing store is full
#   Use 64 bit Java on a 64 bit OS
#   Decrease Java heap size (-Xmx/-Xms)
#   Decrease number of Java threads
#   Decrease Java thread stack sizes (-Xss)
#   Set larger code cache with -XX:ReservedCodeCacheSize=
# This output file may be truncated or incomplete.
#
#  Out of Memory Error (allocation.cpp:390), pid=25728, tid=0x00000000000039d8
#
# JRE version: Java(TM) SE Runtime Environment (8.0_181-b13) (build 1.8.0_181-b13)
# Java VM: Dynamic Code Evolution 64-Bit Server VM (25.71-b01-dcevmlight-26 mixed mode windows-amd64 compressed oops)
# Failed to write core dump. Minidumps are not enabled by default on client versions of Windows
#

---------------  T H R E A D  ---------------

Current thread (0x00000000135e1800):  JavaThread "C2 CompilerThread2" daemon [_thread_in_native, id=14808, stack(0x0000000014520000,0x0000000014620000)]

Stack: [0x0000000014520000,0x0000000014620000]
[error occurred during error reporting (printing stack bounds), id 0xc0000005]

Native frames: (J=compiled Java code, j=interpreted, Vv=VM code, C=native code)


Current CompileTask:
C2:  10083 3304       4       org.springframework.core.annotation.TypeMappedAnnotations::get (52 bytes)


---------------  P R O C E S S  ---------------

Java Threads: ( => current thread )
  0x000000001bb1a800 JavaThread "mysql-cj-abandoned-connection-cleanup" daemon [_thread_blocked, id=28040, stack(0x000000001ae30000,0x000000001af30000)]
  0x000000001c433800 JavaThread "container-0" [_thread_blocked, id=23772, stack(0x000000001ad30000,0x000000001ae30000)]
  0x000000001bf70800 JavaThread "Catalina-utility-2" [_thread_blocked, id=17616, stack(0x000000001d0e0000,0x000000001d1e0000)]
  0x0000000017c8e800 JavaThread "Catalina-utility-1" [_thread_blocked, id=16696, stack(0x000000001ac30000,0x000000001ad30000)]
  0x0000000013679800 JavaThread "Service Thread" daemon [_thread_blocked, id=13384, stack(0x0000000014720000,0x0000000014820000)]
  0x00000000135e5000 JavaThread "C1 CompilerThread3" daemon [_thread_blocked, id=27380, stack(0x0000000014620000,0x0000000014720000)]
=>0x00000000135e1800 JavaThread "C2 CompilerThread2" daemon [_thread_in_native, id=14808, stack(0x0000000014520000,0x0000000014620000)]
  0x00000000135e0000 JavaThread "C2 CompilerThread1" daemon [_thread_in_native, id=24556, stack(0x0000000014420000,0x0000000014520000)]
  0x00000000135de800 JavaThread "C2 CompilerThread0" daemon [_thread_blocked, id=13868, stack(0x0000000014320000,0x0000000014420000)]
  0x00000000135d2800 JavaThread "JDWP Command Reader" daemon [_thread_in_native, id=18380, stack(0x0000000014220000,0x0000000014320000)]
  0x00000000135d0000 JavaThread "JDWP Event Helper Thread" daemon [_thread_blocked, id=11448, stack(0x0000000014120000,0x0000000014220000)]
  0x00000000135c2800 JavaThread "JDWP Transport Listener: dt_socket" daemon [_thread_blocked, id=22384, stack(0x0000000014020000,0x0000000014120000)]
  0x00000000135b8800 JavaThread "Attach Listener" daemon [_thread_blocked, id=2192, stack(0x0000000013be0000,0x0000000013ce0000)]
  0x00000000135b4000 JavaThread "Signal Dispatcher" daemon [_thread_blocked, id=18980, stack(0x0000000013ae0000,0x0000000013be0000)]
  0x000000001359f000 JavaThread "Finalizer" daemon [_thread_blocked, id=4276, stack(0x00000000138c0000,0x00000000139c0000)]
  0x0000000013574000 JavaThread "Reference Handler" daemon [_thread_blocked, id=10456, stack(0x00000000137c0000,0x00000000138c0000)]
  0x0000000002ac3800 JavaThread "main" [_thread_in_vm, id=2856, stack(0x00000000029c0000,0x0000000002ac0000)]

Other Threads:
  0x000000001356c000 VMThread [stack: 0x00000000136c0000,0x00000000137c0000] [id=25656]
  0x000000001367f000 WatcherThread [stack: 0x0000000014820000,0x0000000014920000] [id=20448]

VM state:not at safepoint (normal execution)

VM Mutex/Monitor currently owned by a thread: None

Heap:
 def new generation   total 78144K, used 40223K [0x00000006c3800000, 0x00000006c8cc0000, 0x0000000717aa0000)
  eden space 69504K,  57% used [0x00000006c3800000, 0x00000006c5f47d28, 0x00000006c7be0000)
  from space 8640K,   0% used [0x00000006c8450000, 0x00000006c8450000, 0x00000006c8cc0000)
  to   space 8640K,   0% used [0x00000006c7be0000, 0x00000006c7be0000, 0x00000006c8450000)
 tenured generation   total 173440K, used 18389K [0x0000000717aa0000, 0x0000000722400000, 0x00000007c0000000)
   the space 173440K,  10% used [0x0000000717aa0000, 0x0000000718c956e8, 0x0000000718c95800, 0x0000000722400000)
 Metaspace       used 37172K, capacity 39604K, committed 39896K, reserved 1083392K
  class space    used 4926K, capacity 5332K, committed 5376K, reserved 1048576K

Card table byte_map: [0x0000000011f80000,0x0000000012770000] byte_map_base: 0x000000000e964000

Polling page: 0x0000000002880000

CodeCache: size=245760Kb used=13409Kb max_used=13414Kb free=232350Kb
 bounds [0x0000000002bc0000, 0x00000000038f0000, 0x0000000011bc0000]
 total_blobs=3909 nmethods=3483 adapters=347
 compilation: enabled

Compilation events (10 events):
Event: 10.031 Thread 0x00000000135e5000 3548       3       java.text.Format::<init> (5 bytes)
Event: 10.031 Thread 0x00000000135de800 3549  s    4       java.lang.Throwable::fillInStackTrace (29 bytes)
Event: 10.031 Thread 0x00000000135e5000 nmethod 3548 0x00000000038cac50 code [0x00000000038cadc0, 0x00000000038caf70]
Event: 10.031 Thread 0x00000000135e5000 3547       1       com.mysql.cj.conf.AbstractPropertyDefinition::getCcAlias (5 bytes)
Event: 10.031 Thread 0x00000000135e5000 nmethod 3547 0x00000000038ca990 code [0x00000000038caae0, 0x00000000038cabf0]
Event: 10.033 Thread 0x00000000135de800 nmethod 3549 0x00000000038ca450 code [0x00000000038ca5a0, 0x00000000038ca8c8]
Event: 10.070 Thread 0x00000000135e5000 3550   !   3       com.mysql.cj.conf.DefaultPropertySet::getProperty (52 bytes)
Event: 10.070 Thread 0x00000000135e5000 nmethod 3550 0x00000000038e0850 code [0x00000000038e0a20, 0x00000000038e1208]
Event: 10.071 Thread 0x00000000135e5000 3551       3       java.lang.invoke.MemberName::equals (24 bytes)
Event: 10.071 Thread 0x00000000135e5000 nmethod 3551 0x00000000038c9b50 code [0x00000000038c9ce0, 0x00000000038ca168]

GC Heap History (10 events):
Event: 3.088 GC heap before
{Heap before GC invocations=1 (full 0):
 def new generation   total 78016K, used 35006K [0x00000006c3800000, 0x00000006c8ca0000, 0x0000000717aa0000)
  eden space 69376K,  38% used [0x00000006c3800000, 0x00000006c51bfbd8, 0x00000006c7bc0000)
  from space 8640K, 100% used [0x00000006c8430000, 0x00000006c8ca0000, 0x00000006c8ca0000)
  to   space 8640K,   0% used [0x00000006c7bc0000, 0x00000006c7bc0000, 0x00000006c8430000)
 tenured generation   total 173440K, used 1686K [0x0000000717aa0000, 0x0000000722400000, 0x00000007c0000000)
   the space 173440K,   0% used [0x0000000717aa0000, 0x0000000717c45aa0, 0x0000000717c45c00, 0x0000000722400000)
 Metaspace       used 20407K, capacity 21168K, committed 21248K, reserved 1067008K
  class space    used 2609K, capacity 2784K, committed 2816K, reserved 1048576K
Event: 3.135 GC heap after
Heap after GC invocations=2 (full 1):
 def new generation   total 78144K, used 0K [0x00000006c3800000, 0x00000006c8cc0000, 0x0000000717aa0000)
  eden space 69504K,   0% used [0x00000006c3800000, 0x00000006c3800000, 0x00000006c7be0000)
  from space 8640K,   0% used [0x00000006c7be0000, 0x00000006c7be0000, 0x00000006c8450000)
  to   space 8640K,   0% used [0x00000006c8450000, 0x00000006c8450000, 0x00000006c8cc0000)
 tenured generation   total 173440K, used 8918K [0x0000000717aa0000, 0x0000000722400000, 0x00000007c0000000)
   the space 173440K,   5% used [0x0000000717aa0000, 0x0000000718355a88, 0x0000000718355c00, 0x0000000722400000)
 Metaspace       used 20407K, capacity 21168K, committed 21248K, reserved 1067008K
  class space    used 2609K, capacity 2784K, committed 2816K, reserved 1048576K
}
Event: 3.318 GC heap before
{Heap before GC invocations=2 (full 1):
 def new generation   total 78144K, used 69497K [0x00000006c3800000, 0x00000006c8cc0000, 0x0000000717aa0000)
  eden space 69504K,  99% used [0x00000006c3800000, 0x00000006c7bde758, 0x00000006c7be0000)
  from space 8640K,   0% used [0x00000006c7be0000, 0x00000006c7be0000, 0x00000006c8450000)
  to   space 8640K,   0% used [0x00000006c8450000, 0x00000006c8450000, 0x00000006c8cc0000)
 tenured generation   total 173440K, used 8918K [0x0000000717aa0000, 0x0000000722400000, 0x00000007c0000000)
   the space 173440K,   5% used [0x0000000717aa0000, 0x0000000718355a88, 0x0000000718355c00, 0x0000000722400000)
 Metaspace       used 20979K, capacity 21802K, committed 22144K, reserved 1069056K
  class space    used 2683K, capacity 2859K, committed 2944K, reserved 1048576K
Event: 3.323 GC heap after
Heap after GC invocations=3 (full 1):
 def new generation   total 78144K, used 1793K [0x00000006c3800000, 0x00000006c8cc0000, 0x0000000717aa0000)
  eden space 69504K,   0% used [0x00000006c3800000, 0x00000006c3800000, 0x00000006c7be0000)
  from space 8640K,  20% used [0x00000006c8450000, 0x00000006c8610508, 0x00000006c8cc0000)
  to   space 8640K,   0% used [0x00000006c7be0000, 0x00000006c7be0000, 0x00000006c8450000)
 tenured generation   total 173440K, used 8918K [0x0000000717aa0000, 0x0000000722400000, 0x00000007c0000000)
   the space 173440K,   5% used [0x0000000717aa0000, 0x0000000718355a88, 0x0000000718355c00, 0x0000000722400000)
 Metaspace       used 20979K, capacity 21802K, committed 22144K, reserved 1069056K
  class space    used 2683K, capacity 2859K, committed 2944K, reserved 1048576K
}
Event: 4.552 GC heap before
{Heap before GC invocations=3 (full 1):
 def new generation   total 78144K, used 71297K [0x00000006c3800000, 0x00000006c8cc0000, 0x0000000717aa0000)
  eden space 69504K, 100% used [0x00000006c3800000, 0x00000006c7be0000, 0x00000006c7be0000)
  from space 8640K,  20% used [0x00000006c8450000, 0x00000006c8610508, 0x00000006c8cc0000)
  to   space 8640K,   0% used [0x00000006c7be0000, 0x00000006c7be0000, 0x00000006c8450000)
 tenured generation   total 173440K, used 8918K [0x0000000717aa0000, 0x0000000722400000, 0x00000007c0000000)
   the space 173440K,   5% used [0x0000000717aa0000, 0x0000000718355a88, 0x0000000718355c00, 0x0000000722400000)
 Metaspace       used 24341K, capacity 25456K, committed 25600K, reserved 1071104K
  class space    used 3105K, capacity 3308K, committed 3328K, reserved 1048576K
Event: 4.576 GC heap after
Heap after GC invocations=4 (full 1):
 def new generation   total 78144K, used 7169K [0x00000006c3800000, 0x00000006c8cc0000, 0x0000000717aa0000)
  eden space 69504K,   0% used [0x00000006c3800000, 0x00000006c3800000, 0x00000006c7be0000)
  from space 8640K,  82% used [0x00000006c7be0000, 0x00000006c82e05b0, 0x00000006c8450000)
  to   space 8640K,   0% used [0x00000006c8450000, 0x00000006c8450000, 0x00000006c8cc0000)
 tenured generation   total 173440K, used 8918K [0x0000000717aa0000, 0x0000000722400000, 0x00000007c0000000)
   the space 173440K,   5% used [0x0000000717aa0000, 0x0000000718355a88, 0x0000000718355c00, 0x0000000722400000)
 Metaspace       used 24341K, capacity 25456K, committed 25600K, reserved 1071104K
  class space    used 3105K, capacity 3308K, committed 3328K, reserved 1048576K
}
Event: 8.695 GC heap before
{Heap before GC invocations=4 (full 1):
 def new generation   total 78144K, used 76673K [0x00000006c3800000, 0x00000006c8cc0000, 0x0000000717aa0000)
  eden space 69504K, 100% used [0x00000006c3800000, 0x00000006c7be0000, 0x00000006c7be0000)
  from space 8640K,  82% used [0x00000006c7be0000, 0x00000006c82e05b0, 0x00000006c8450000)
  to   space 8640K,   0% used [0x00000006c8450000, 0x00000006c8450000, 0x00000006c8cc0000)
 tenured generation   total 173440K, used 8918K [0x0000000717aa0000, 0x0000000722400000, 0x00000007c0000000)
   the space 173440K,   5% used [0x0000000717aa0000, 0x0000000718355a88, 0x0000000718355c00, 0x0000000722400000)
 Metaspace       used 31509K, capacity 33400K, committed 33664K, reserved 1079296K
  class space    used 4138K, capacity 4454K, committed 4480K, reserved 1048576K
Event: 8.738 GC heap after
Heap after GC invocations=5 (full 1):
 def new generation   total 78144K, used 8640K [0x00000006c3800000, 0x00000006c8cc0000, 0x0000000717aa0000)
  eden space 69504K,   0% used [0x00000006c3800000, 0x00000006c3800000, 0x00000006c7be0000)
  from space 8640K, 100% used [0x00000006c8450000, 0x00000006c8cc0000, 0x00000006c8cc0000)
  to   space 8640K,   0% used [0x00000006c7be0000, 0x00000006c7be0000, 0x00000006c8450000)
 tenured generation   total 173440K, used 12561K [0x0000000717aa0000, 0x0000000722400000, 0x00000007c0000000)
   the space 173440K,   7% used [0x0000000717aa0000, 0x00000007186e4778, 0x00000007186e4800, 0x0000000722400000)
 Metaspace       used 31509K, capacity 33400K, committed 33664K, reserved 1079296K
  class space    used 4138K, capacity 4454K, committed 4480K, reserved 1048576K
}
Event: 9.129 GC heap before
{Heap before GC invocations=5 (full 1):
 def new generation   total 78144K, used 20436K [0x00000006c3800000, 0x00000006c8cc0000, 0x0000000717aa0000)
  eden space 69504K,  16% used [0x00000006c3800000, 0x00000006c43851f8, 0x00000006c7be0000)
  from space 8640K, 100% used [0x00000006c8450000, 0x00000006c8cc0000, 0x00000006c8cc0000)
  to   space 8640K,   0% used [0x00000006c7be0000, 0x00000006c7be0000, 0x00000006c8450000)
 tenured generation   total 173440K, used 12561K [0x0000000717aa0000, 0x0000000722400000, 0x00000007c0000000)
   the space 173440K,   7% used [0x0000000717aa0000, 0x00000007186e4778, 0x00000007186e4800, 0x0000000722400000)
 Metaspace       used 33442K, capacity 35368K, committed 35416K, reserved 1079296K
  class space    used 4394K, capacity 4730K, committed 4736K, reserved 1048576K
Event: 9.228 GC heap after
Heap after GC invocations=6 (full 2):
 def new generation   total 78144K, used 0K [0x00000006c3800000, 0x00000006c8cc0000, 0x0000000717aa0000)
  eden space 69504K,   0% used [0x00000006c3800000, 0x00000006c3800000, 0x00000006c7be0000)
  from space 8640K,   0% used [0x00000006c8450000, 0x00000006c8450000, 0x00000006c8cc0000)
  to   space 8640K,   0% used [0x00000006c7be0000, 0x00000006c7be0000, 0x00000006c8450000)
 tenured generation   total 173440K, used 18389K [0x0000000717aa0000, 0x0000000722400000, 0x00000007c0000000)
   the space 173440K,  10% used [0x0000000717aa0000, 0x0000000718c956e8, 0x0000000718c95800, 0x0000000722400000)
 Metaspace       used 33442K, capacity 35368K, committed 35416K, reserved 1079296K
  class space    used 4394K, capacity 4730K, committed 4736K, reserved 1048576K
}

Deoptimization events (10 events):
Event: 9.550 Thread 0x0000000002ac3800 Uncommon trap: reason=class_check action=maybe_recompile pc=0x0000000002fa4a50 method=org.springframework.boot.context.properties.source.ConfigurationPropertyName$Elements.charAt(II)C @ 43
Event: 9.551 Thread 0x0000000002ac3800 Uncommon trap: reason=class_check action=maybe_recompile pc=0x0000000002fa4a50 method=org.springframework.boot.context.properties.source.ConfigurationPropertyName$Elements.charAt(II)C @ 43
Event: 9.551 Thread 0x0000000002ac3800 Uncommon trap: reason=null_check action=make_not_entrant pc=0x0000000002ccd63c method=java.lang.Class.createAnnotationData(I)Ljava/lang/Class$AnnotationData; @ 14
Event: 9.563 Thread 0x0000000002ac3800 Uncommon trap: reason=unstable_if action=reinterpret pc=0x0000000003507080 method=org.springframework.core.ResolvableType.forType(Ljava/lang/reflect/Type;Lorg/springframework/core/SerializableTypeWrapper$TypeProvider;Lorg/springframework/core/ResolvableTy
Event: 9.637 Thread 0x000000001bb1a800 Uncommon trap: reason=unstable_if action=reinterpret pc=0x0000000002e10914 method=java.util.zip.ZipCoder.getBytes(Ljava/lang/String;)[B @ 32
Event: 9.638 Thread 0x000000001bb1a800 Uncommon trap: reason=unstable_if action=reinterpret pc=0x00000000030e4668 method=java.net.URL.<init>(Ljava/net/URL;Ljava/lang/String;Ljava/net/URLStreamHandler;)V @ 57
Event: 9.638 Thread 0x000000001bb1a800 Uncommon trap: reason=unstable_if action=reinterpret pc=0x0000000003807940 method=java.net.URLStreamHandler.parseURL(Ljava/net/URL;Ljava/lang/String;II)V @ 57
Event: 9.645 Thread 0x0000000002ac3800 Uncommon trap: reason=unstable_if action=reinterpret pc=0x0000000002e8cd8c method=java.lang.AbstractStringBuilder.append(Ljava/lang/String;)Ljava/lang/AbstractStringBuilder; @ 1
Event: 9.923 Thread 0x0000000002ac3800 Uncommon trap: reason=unstable_if action=reinterpret pc=0x000000000310d8b8 method=java.util.Properties$LineReader.readLine()I @ 328
Event: 9.926 Thread 0x0000000002ac3800 Uncommon trap: reason=unstable_if action=reinterpret pc=0x000000000378dd60 method=java.util.Properties.load0(Ljava/util/Properties$LineReader;)V @ 161

Internal exceptions (10 events):
Event: 9.045 Thread 0x0000000002ac3800 Exception <a 'java/lang/NoSuchMethodError': java.lang.Object.lambda$static$0(Ljava/lang/String;Lio/micrometer/core/instrument/Meter$Type;Ljava/lang/String;)Ljava/lang/String;> (0x00000006c417a600) thrown at [C:\Jenkins\workspace\DCEVM-8u161\jdk\JDK1.8.0_1
Event: 9.048 Thread 0x0000000002ac3800 Exception <a 'java/lang/IncompatibleClassChangeError': Found class java.lang.Object, but interface was expected> (0x00000006c41955a0) thrown at [C:\Jenkins\workspace\DCEVM-8u161\jdk\JDK1.8.0_181-x64\k\product\oops\nocompressed\slave\dcevm-win\hotspot\src\
Event: 9.051 Thread 0x0000000002ac3800 Exception <a 'java/lang/IncompatibleClassChangeError': Found class java.lang.Object, but interface was expected> (0x00000006c41a6e90) thrown at [C:\Jenkins\workspace\DCEVM-8u161\jdk\JDK1.8.0_181-x64\k\product\oops\nocompressed\slave\dcevm-win\hotspot\src\
Event: 9.072 Thread 0x0000000002ac3800 Exception <a 'java/lang/IncompatibleClassChangeError': Found class java.lang.Object, but interface was expected> (0x00000006c41e4a90) thrown at [C:\Jenkins\workspace\DCEVM-8u161\jdk\JDK1.8.0_181-x64\k\product\oops\nocompressed\slave\dcevm-win\hotspot\src\
Event: 9.074 Thread 0x0000000002ac3800 Exception <a 'java/lang/NoSuchMethodError': java.lang.Object.lambda$failures$0(Lio/micrometer/core/instrument/config/validate/Validated;)Lio/micrometer/core/instrument/config/validate/Validated$Invalid;> (0x00000006c41f03e0) thrown at [C:\Jenkins\workspac
Event: 9.367 Thread 0x0000000002ac3800 Exception <a 'java/lang/NoSuchMethodError': java.lang.Object.lambda$static$0(Lorg/springframework/boot/actuate/endpoint/invoke/OperationParameter;Ljava/lang/Object;)Ljava/lang/Object;> (0x00000006c3b38fe0) thrown at [C:\Jenkins\workspace\DCEVM-8u161\jdk\J
Event: 9.501 Thread 0x0000000002ac3800 Exception <a 'java/io/FileNotFoundException'> (0x00000006c3f4f320) thrown at [C:\Jenkins\workspace\DCEVM-8u161\jdk\JDK1.8.0_181-x64\k\product\oops\nocompressed\slave\dcevm-win\hotspot\src\share\vm\prims\jni.cpp, line 710]
Event: 9.563 Thread 0x0000000002ac3800 Implicit null exception at 0x0000000003505cc3 to 0x0000000003507071
Event: 9.645 Thread 0x0000000002ac3800 Implicit null exception at 0x0000000002e8c879 to 0x0000000002e8cd71
Event: 9.730 Thread 0x0000000002ac3800 Exception <a 'java/lang/NoSuchMethodError': java.lang.Object.lambda$negate$1(Ljava/lang/Object;)Z> (0x00000006c508fa80) thrown at [C:\Jenkins\workspace\DCEVM-8u161\jdk\JDK1.8.0_181-x64\k\product\oops\nocompressed\slave\dcevm-win\hotspot\src\share\vm\inter

Events (10 events):
Event: 10.072 loading class com/mysql/cj/protocol/a/NativeSocketConnection
Event: 10.072 loading class com/mysql/cj/protocol/a/NativeSocketConnection done
Event: 10.073 loading class com/mysql/cj/protocol/AbstractSocketConnection
Event: 10.073 loading class com/mysql/cj/protocol/AbstractSocketConnection done
Event: 10.074 loading class com/mysql/cj/protocol/FullReadInputStream
Event: 10.074 loading class com/mysql/cj/protocol/FullReadInputStream done
Event: 10.075 loading class com/mysql/cj/protocol/SocketFactory
Event: 10.075 loading class com/mysql/cj/protocol/SocketFactory done
Event: 10.075 loading class com/mysql/cj/protocol/SocketMetadata
Event: 10.075 loading class com/mysql/cj/protocol/SocketMetadata done


Dynamic libraries:
0x00007ff7b64f0000 - 0x00007ff7b6527000 	D:\dev\java\jdk_1.8.0_181\bin\java.exe
0x00007ffdfb890000 - 0x00007ffdfba85000 	C:\windows\SYSTEM32\ntdll.dll
0x00007ffdfaf80000 - 0x00007ffdfb03d000 	C:\windows\System32\KERNEL32.DLL
0x00007ffdf92d0000 - 0x00007ffdf959d000 	C:\windows\System32\KERNELBASE.dll
0x00007ffdfb040000 - 0x00007ffdfb0ee000 	C:\windows\System32\ADVAPI32.dll
0x00007ffdfb0f0000 - 0x00007ffdfb18e000 	C:\windows\System32\msvcrt.dll
0x00007ffdfb5d0000 - 0x00007ffdfb66c000 	C:\windows\System32\sechost.dll
0x00007ffdfa230000 - 0x00007ffdfa355000 	C:\windows\System32\RPCRT4.dll
0x00007ffdfb1f0000 - 0x00007ffdfb390000 	C:\windows\System32\USER32.dll
0x00007ffdf9880000 - 0x00007ffdf98a2000 	C:\windows\System32\win32u.dll
0x00007ffdfa480000 - 0x00007ffdfa4aa000 	C:\windows\System32\GDI32.dll
0x00007ffdf91c0000 - 0x00007ffdf92cb000 	C:\windows\System32\gdi32full.dll
0x00007ffdf9120000 - 0x00007ffdf91bd000 	C:\windows\System32\msvcp_win.dll
0x00007ffdf9750000 - 0x00007ffdf9850000 	C:\windows\System32\ucrtbase.dll
0x00007ffddfc50000 - 0x00007ffddfeea000 	C:\windows\WinSxS\amd64_microsoft.windows.common-controls_6595b64144ccf1df_6.0.19041.1110_none_60b5254171f9507e\COMCTL32.dll
0x00007ffdfb390000 - 0x00007ffdfb3c0000 	C:\windows\System32\IMM32.DLL
0x000000005dcc0000 - 0x000000005dd92000 	D:\dev\java\jdk_1.8.0_181\jre\bin\msvcr100.dll
0x000000005cbd0000 - 0x000000005d421000 	D:\dev\java\jdk_1.8.0_181\jre\bin\server\jvm.dll
0x00007ffdf9b10000 - 0x00007ffdf9b18000 	C:\windows\System32\PSAPI.DLL
0x00007ffddc610000 - 0x00007ffddc619000 	C:\windows\SYSTEM32\WSOCK32.dll
0x00007ffdf3a80000 - 0x00007ffdf3aa7000 	C:\windows\SYSTEM32\WINMM.dll
0x00007ffdfb470000 - 0x00007ffdfb4db000 	C:\windows\System32\WS2_32.dll
0x00007ffdf0750000 - 0x00007ffdf075a000 	C:\windows\SYSTEM32\VERSION.dll
0x000000005e0e0000 - 0x000000005e0ef000 	D:\dev\java\jdk_1.8.0_181\jre\bin\verify.dll
0x000000005dc90000 - 0x000000005dcb9000 	D:\dev\java\jdk_1.8.0_181\jre\bin\java.dll
0x000000005d650000 - 0x000000005d685000 	D:\dev\java\jdk_1.8.0_181\jre\bin\jdwp.dll
0x000000005d640000 - 0x000000005d648000 	D:\dev\java\jdk_1.8.0_181\jre\bin\npt.dll
0x000000005dc70000 - 0x000000005dc86000 	D:\dev\java\jdk_1.8.0_181\jre\bin\zip.dll
0x00007ffdfa4b0000 - 0x00007ffdfabf4000 	C:\windows\System32\SHELL32.dll
0x00007ffdf6f00000 - 0x00007ffdf7694000 	C:\windows\SYSTEM32\windows.storage.dll
0x00007ffdfac00000 - 0x00007ffdfaf54000 	C:\windows\System32\combase.dll
0x00007ffdf8880000 - 0x00007ffdf88ac000 	C:\windows\SYSTEM32\Wldp.dll
0x00007ffdf98b0000 - 0x00007ffdf995d000 	C:\windows\System32\SHCORE.dll
0x00007ffdf9b20000 - 0x00007ffdf9b75000 	C:\windows\System32\shlwapi.dll
0x00007ffdf8eb0000 - 0x00007ffdf8ecf000 	C:\windows\SYSTEM32\profapi.dll
0x000000005d630000 - 0x000000005d639000 	D:\dev\java\jdk_1.8.0_181\jre\bin\dt_socket.dll
0x00007ffdce180000 - 0x00007ffdce197000 	C:\windows\system32\napinsp.dll
0x00007ffdce160000 - 0x00007ffdce17b000 	C:\windows\system32\pnrpnsp.dll
0x00007ffdf3240000 - 0x00007ffdf3255000 	C:\windows\system32\wshbth.dll
0x00007ffdf4150000 - 0x00007ffdf416d000 	C:\windows\system32\NLAapi.dll
0x00007ffdf8310000 - 0x00007ffdf834b000 	C:\windows\SYSTEM32\IPHLPAPI.DLL
0x00007ffdf8600000 - 0x00007ffdf866a000 	C:\windows\System32\mswsock.dll
0x00007ffdf8350000 - 0x00007ffdf841b000 	C:\windows\SYSTEM32\DNSAPI.dll
0x00007ffdf9b00000 - 0x00007ffdf9b08000 	C:\windows\System32\NSI.dll
0x00007ffdce140000 - 0x00007ffdce152000 	C:\windows\System32\winrnr.dll
0x00007ffdf2600000 - 0x00007ffdf2680000 	C:\windows\System32\fwpuclnt.dll
0x00007ffdf9850000 - 0x00007ffdf9877000 	C:\windows\System32\bcrypt.dll
0x00007ffdefba0000 - 0x00007ffdefbaa000 	C:\Windows\System32\rasadhlp.dll
0x000000005e0d0000 - 0x000000005e0dd000 	D:\dev\java\jdk_1.8.0_181\jre\bin\management.dll
0x000000005dc50000 - 0x000000005dc6a000 	D:\dev\java\jdk_1.8.0_181\jre\bin\net.dll
0x000000005dc30000 - 0x000000005dc41000 	D:\dev\java\jdk_1.8.0_181\jre\bin\nio.dll
0x00007ffdf8930000 - 0x00007ffdf8948000 	C:\windows\SYSTEM32\CRYPTSP.dll
0x00007ffdf7e90000 - 0x00007ffdf7ec4000 	C:\windows\system32\rsaenh.dll
0x00007ffdf8e70000 - 0x00007ffdf8e9e000 	C:\windows\SYSTEM32\USERENV.dll
0x00007ffdf9090000 - 0x00007ffdf9112000 	C:\windows\System32\bcryptprimitives.dll
0x00007ffdf87f0000 - 0x00007ffdf87fc000 	C:\windows\SYSTEM32\CRYPTBASE.dll
0x00007ffdf23e0000 - 0x00007ffdf23f7000 	C:\windows\SYSTEM32\dhcpcsvc6.DLL
0x00007ffdf2350000 - 0x00007ffdf236d000 	C:\windows\SYSTEM32\dhcpcsvc.DLL
0x000000005dc00000 - 0x000000005dc24000 	D:\dev\java\jdk_1.8.0_181\jre\bin\sunec.dll
0x000000005dbf0000 - 0x000000005dbfb000 	D:\dev\java\jdk_1.8.0_181\jre\bin\sunmscapi.dll
0x00007ffdf95a0000 - 0x00007ffdf96f6000 	C:\windows\System32\CRYPT32.dll

VM Arguments:
jvm_args: -agentlib:jdwp=transport=dt_socket,server=n,suspend=y,address=localhost:64195 -Dserver.port=8100 -Dspring.jmx.enabled=true -Dspring.application.admin.enabled=true -Dspring.boot.project.name=bookservice 
java_command: com.gioliveira.bookservice.BookserviceApplication
java_class_path (initial): C:\Users\GIOLIV~1\AppData\Local\Temp\cp_570gm4vgqdl7yxd2y31jxydb0.jar
Launcher Type: SUN_STANDARD

Environment Variables:
JAVA_HOME=D:\dev\java\jdk_1.8.0_181
JRE_HOME=D:\dev\java\jdk_1.8.0_181\jre
PATH=C:\Users\gioliveira\bin;C:\Program Files\Git\mingw64\bin;C:\Program Files\Git\usr\local\bin;C:\Program Files\Git\usr\bin;C:\Program Files\Git\usr\bin;C:\Program Files\Git\mingw64\bin;C:\Program Files\Git\usr\bin;C:\Users\gioliveira\bin;C:\Program Files\Microsoft MPI\Bin;C:\windows\system32;C:\windows;C:\windows\System32\Wbem;C:\windows\System32\WindowsPowerShell\v1.0;C:\windows\System32\OpenSSH;C:\ProgramData\chocolatey\bin;D:\dev\tools\apache-ant-1.9.6\bin;D:\dev\java\jdk_1.8.0_181\bin;D:\dev\tools\apache-maven-3.2.5\bin;D:\dev\eclipse;D:\dev\tools\SoapUI-5.2.1\bin;C;Program FilesGitbin\bin;C;Program FilesGitbin\usr\bin;C:\Neogrid\Conf\SharedLibs;C:\Program Files (x86)\Microsoft SQL Server\150\DTS\Binn;C:\Program Files\Azure Data Studio\bin;C:\Neogrid\Conf\SharedLibs;C:\Program Files\7-Zip;%\Python39%;D:\AppData\cmder\vendor\conemu-maximus5;C:\Program Files\TortoiseGit\bin;C:\Program Files\Git\cmd;D:\programas\putty;C:\Program Files\Docker\Docker\resources\bin;C:\ProgramData\DockerDesktop\version-bin;C:\Users\gioliveira\AppData\Local\Microsoft\WindowsApps;C:\tools\Cmder;C:\Program Files\Azure Data Studio\bin;C:\Program Files\Git\usr\bin\vendor_perl;C:\Program Files\Git\usr\bin\core_perl
USERNAME=gioliveira
SHELL=C:\Program Files\Git\usr\bin\bash.exe
DISPLAY=needs-to-be-defined
OS=Windows_NT
PROCESSOR_IDENTIFIER=Intel64 Family 6 Model 142 Stepping 12, GenuineIntel



---------------  S Y S T E M  ---------------

OS: Windows 10.0 , 64 bit Build 19041 (10.0.19041.1706)

CPU:total 8 (initial active 8) (4 cores per cpu, 2 threads per core) family 6 model 142 stepping 12, cmov, cx8, fxsr, mmx, sse, sse2, sse3, ssse3, sse4.1, sse4.2, popcnt, avx, avx2, aes, clmul, erms, 3dnowpref, lzcnt, ht, tsc, tscinvbit, bmi1, bmi2, adx

Memory: 4k page, physical 16545412k(385944k free), swap 29738240k(9716k free)

vm_info: Dynamic Code Evolution 64-Bit Server VM (25.71-b01-dcevmlight-26) for windows-amd64 JRE (1.8.0), built on Jul 31 2018 12:14:42 by "" with MS VC++ 10.0 (VS2010)

time: Sun Jun 12 23:41:08 2022
elapsed time: 10 seconds (0d 0h 0m 10s)

